Removed Pin From Net: NetName=NetC210_1 Pin=J219-1
Removed Pin From Net: NetName=NetC210_1 Pin=R219-1
Removed Member From Class: ClassName=U_Input Member=J219
Removed Member From Class: ClassName=U_Input Member=R219
Added Component: Designator=TP101(CON-THT-TP-5011)
Add component (AddParameter): Name = "Alternate View"; Value = "Yes"; VariantName = "[No Variations]"
Add component (AddParameter): Name = "Application"; Value = "Test"; VariantName = "[No Variations]"
Add component (AddParameter): Name = "Article Number"; Value = "382410"; VariantName = "[No Variations]"
Add component (AddParameter): Name = "Automotive Qualified"; Value = "No"; VariantName = "[No Variations]"
Add component (AddParameter): Name = "Combined Parameters"; Value = "Board-to-Cable None (onboard);1x1;Mounting:THT;Orient:0° (vertical);Shielded:No"; VariantName = "[No Variations]"
Add component (AddParameter): Name = "ComponentLink1Description"; Value = "Vendor WebSite"; VariantName = "[No Variations]"
Add component (AddParameter): Name = "ComponentLink1URL"; Value = "http://www.keyelco.com/"; VariantName = "[No Variations]"
Add component (AddParameter): Name = "ComponentLink2Description"; Value = "Datasheet"; VariantName = "[No Variations]"
Add component (AddParameter): Name = "ComponentLink2URL"; Value = "http://webnetprod.muc.infineon.com/PCBPortal_Prod/WorkFlows/AltiumComponent/StandardDocumentation?Versionid=382411"; VariantName = "[No Variations]"
Add component (AddParameter): Name = "ComponentStatus"; Value = "Released"; VariantName = "[No Variations]"
Add component (AddParameter): Name = "Legacy DeviceID"; Value = "KEY_5011"; VariantName = "[No Variations]"
Add component (AddParameter): Name = "Legacy PartNumber"; Value = "CON01500530"; VariantName = "[No Variations]"
Add component (AddParameter): Name = "Manufacturer"; Value = "Keystone Electronics Corp."; VariantName = "[No Variations]"
Add component (AddParameter): Name = "Manufacturer Order Number"; Value = "5011"; VariantName = "[No Variations]"
Add component (AddParameter): Name = "Multiple Parts"; Value = "No"; VariantName = "[No Variations]"
Add component (AddParameter): Name = "Package Description"; Value = "Test Point, 1.78 mm Lead Width, Round, 3.17 mm Dia X 8.28 mm H body"; VariantName = "[No Variations]"
Add component (AddParameter): Name = "Package Imperial"; Value = ""; VariantName = "[No Variations]"
Add component (AddParameter): Name = "Package Metric"; Value = ""; VariantName = "[No Variations]"
Add component (AddParameter): Name = "PackageReference"; Value = ""; VariantName = "[No Variations]"
Add component (AddParameter): Name = "Part Provision"; Value = ""; VariantName = "[No Variations]"
Add component (AddParameter): Name = "Part Type"; Value = "Connector"; VariantName = "[No Variations]"
Add component (AddParameter): Name = "PCB Remarks"; Value = ""; VariantName = "[No Variations]"
Add component (AddParameter): Name = "PLMStatus"; Value = "Active"; VariantName = "[No Variations]"
Add component (AddParameter): Name = "QuickPick"; Value = "0° (vertical) / Board-to-Cable"; VariantName = "[No Variations]"
Add component (AddParameter): Name = "ROHS Compliant"; Value = "Y"; VariantName = "[No Variations]"
Add component (AddParameter): Name = "Schematic Remarks"; Value = ""; VariantName = "[No Variations]"
Add component (AddParameter): Name = "Second Source allowed"; Value = "Yes"; VariantName = "[No Variations]"
Add component (AddParameter): Name = "Style"; Value = "Not Applicable"; VariantName = "[No Variations]"
Add component (AddParameter): Name = "Supplier 1"; Value = "Farnell"; VariantName = "[No Variations]"
Add component (AddParameter): Name = "Supplier 2"; Value = "DigiKey"; VariantName = "[No Variations]"
Add component (AddParameter): Name = "Supplier 3"; Value = "Mouser"; VariantName = "[No Variations]"
Add component (AddParameter): Name = "Supplier Part Number 1"; Value = "2431148"; VariantName = "[No Variations]"
Add component (AddParameter): Name = "Supplier Part Number 2"; Value = "36-5011-ND"; VariantName = "[No Variations]"
Add component (AddParameter): Name = "Supplier Part Number 3"; Value = "534-5011"; VariantName = "[No Variations]"
Add component (AddParameter): Name = "Symbol Type"; Value = "Connector, 1 Lead, Female"; VariantName = "[No Variations]"
Add component (AddParameter): Name = "Technology"; Value = ""; VariantName = "[No Variations]"
Add component (AddParameter): Name = "Temperature max"; Value = "0"; VariantName = "[No Variations]"
Add component (AddParameter): Name = "Temperature min"; Value = "0"; VariantName = "[No Variations]"
Add component (AddParameter): Name = "Temperature Range"; Value = "Military"; VariantName = "[No Variations]"
Add component (AddParameter): Name = "Tolerance Neg"; Value = ""; VariantName = "[No Variations]"
Add component (AddParameter): Name = "Tolerance Pos"; Value = ""; VariantName = "[No Variations]"
Add component (AddParameter): Name = "Type"; Value = "Board-to-Cable"; VariantName = "[No Variations]"
Add component (AddParameter): Name = "Value"; Value = "5011"; VariantName = "[No Variations]"
Add component (AddParameter): Name = "Version Number"; Value = "V01"; VariantName = "[No Variations]"
Add component (AddParameter): Name = "Voltage DC (max)"; Value = "na"; VariantName = "[No Variations]"
Add component (AddParameter): Name = "Alternate View"; Value = "Yes"; VariantName = "Default_Assembly"
Add component (AddParameter): Name = "Application"; Value = "Test"; VariantName = "Default_Assembly"
Add component (AddParameter): Name = "Article Number"; Value = "382410"; VariantName = "Default_Assembly"
Add component (AddParameter): Name = "Automotive Qualified"; Value = "No"; VariantName = "Default_Assembly"
Add component (AddParameter): Name = "Combined Parameters"; Value = "Board-to-Cable None (onboard);1x1;Mounting:THT;Orient:0° (vertical);Shielded:No"; VariantName = "Default_Assembly"
Add component (AddParameter): Name = "ComponentLink1Description"; Value = "Vendor WebSite"; VariantName = "Default_Assembly"
Add component (AddParameter): Name = "ComponentLink1URL"; Value = "http://www.keyelco.com/"; VariantName = "Default_Assembly"
Add component (AddParameter): Name = "ComponentLink2Description"; Value = "Datasheet"; VariantName = "Default_Assembly"
Add component (AddParameter): Name = "ComponentLink2URL"; Value = "http://webnetprod.muc.infineon.com/PCBPortal_Prod/WorkFlows/AltiumComponent/StandardDocumentation?Versionid=382411"; VariantName = "Default_Assembly"
Add component (AddParameter): Name = "ComponentStatus"; Value = "Released"; VariantName = "Default_Assembly"
Add component (AddParameter): Name = "Legacy DeviceID"; Value = "KEY_5011"; VariantName = "Default_Assembly"
Add component (AddParameter): Name = "Legacy PartNumber"; Value = "CON01500530"; VariantName = "Default_Assembly"
Add component (AddParameter): Name = "Manufacturer"; Value = "Keystone Electronics Corp."; VariantName = "Default_Assembly"
Add component (AddParameter): Name = "Manufacturer Order Number"; Value = "5011"; VariantName = "Default_Assembly"
Add component (AddParameter): Name = "Multiple Parts"; Value = "No"; VariantName = "Default_Assembly"
Add component (AddParameter): Name = "Package Description"; Value = "Test Point, 1.78 mm Lead Width, Round, 3.17 mm Dia X 8.28 mm H body"; VariantName = "Default_Assembly"
Add component (AddParameter): Name = "Package Imperial"; Value = ""; VariantName = "Default_Assembly"
Add component (AddParameter): Name = "Package Metric"; Value = ""; VariantName = "Default_Assembly"
Add component (AddParameter): Name = "PackageReference"; Value = ""; VariantName = "Default_Assembly"
Add component (AddParameter): Name = "Part Provision"; Value = ""; VariantName = "Default_Assembly"
Add component (AddParameter): Name = "Part Type"; Value = "Connector"; VariantName = "Default_Assembly"
Add component (AddParameter): Name = "PCB Remarks"; Value = ""; VariantName = "Default_Assembly"
Add component (AddParameter): Name = "PLMStatus"; Value = "Active"; VariantName = "Default_Assembly"
Add component (AddParameter): Name = "QuickPick"; Value = "0° (vertical) / Board-to-Cable"; VariantName = "Default_Assembly"
Add component (AddParameter): Name = "ROHS Compliant"; Value = "Y"; VariantName = "Default_Assembly"
Add component (AddParameter): Name = "Schematic Remarks"; Value = ""; VariantName = "Default_Assembly"
Add component (AddParameter): Name = "Second Source allowed"; Value = "Yes"; VariantName = "Default_Assembly"
Add component (AddParameter): Name = "Style"; Value = "Not Applicable"; VariantName = "Default_Assembly"
Add component (AddParameter): Name = "Supplier 1"; Value = "Farnell"; VariantName = "Default_Assembly"
Add component (AddParameter): Name = "Supplier 2"; Value = "DigiKey"; VariantName = "Default_Assembly"
Add component (AddParameter): Name = "Supplier 3"; Value = "Mouser"; VariantName = "Default_Assembly"
Add component (AddParameter): Name = "Supplier Part Number 1"; Value = "2431148"; VariantName = "Default_Assembly"
Add component (AddParameter): Name = "Supplier Part Number 2"; Value = "36-5011-ND"; VariantName = "Default_Assembly"
Add component (AddParameter): Name = "Supplier Part Number 3"; Value = "534-5011"; VariantName = "Default_Assembly"
Add component (AddParameter): Name = "Symbol Type"; Value = "Connector, 1 Lead, Female"; VariantName = "Default_Assembly"
Add component (AddParameter): Name = "Technology"; Value = ""; VariantName = "Default_Assembly"
Add component (AddParameter): Name = "Temperature max"; Value = "0"; VariantName = "Default_Assembly"
Add component (AddParameter): Name = "Temperature min"; Value = "0"; VariantName = "Default_Assembly"
Add component (AddParameter): Name = "Temperature Range"; Value = "Military"; VariantName = "Default_Assembly"
Add component (AddParameter): Name = "Tolerance Neg"; Value = ""; VariantName = "Default_Assembly"
Add component (AddParameter): Name = "Tolerance Pos"; Value = ""; VariantName = "Default_Assembly"
Add component (AddParameter): Name = "Type"; Value = "Board-to-Cable"; VariantName = "Default_Assembly"
Add component (AddParameter): Name = "Value"; Value = "5011"; VariantName = "Default_Assembly"
Add component (AddParameter): Name = "Version Number"; Value = "V01"; VariantName = "Default_Assembly"
Add component (AddParameter): Name = "Voltage DC (max)"; Value = "na"; VariantName = "Default_Assembly"
Added Component: Designator=X_Board_Output(CON-M-THT-47053-1000)
Add component (AddParameter): Name = "Application"; Value = ""; VariantName = "[No Variations]"
Add component (AddParameter): Name = "Article Number"; Value = "388632"; VariantName = "[No Variations]"
Add component (AddParameter): Name = "Automotive Qualified"; Value = "No"; VariantName = "[No Variations]"
Add component (AddParameter): Name = "Combined Parameters"; Value = "Board-to-Cable Header (male);4x1;Mounting:THT;Orient:0° (vertical);Shielded:No"; VariantName = "[No Variations]"
Add component (AddParameter): Name = "ComponentLink1Description"; Value = "Vendor WebSite"; VariantName = "[No Variations]"
Add component (AddParameter): Name = "ComponentLink1URL"; Value = "http://www.molex.com"; VariantName = "[No Variations]"
Add component (AddParameter): Name = "ComponentLink2Description"; Value = "Datasheet"; VariantName = "[No Variations]"
Add component (AddParameter): Name = "ComponentLink2URL"; Value = "http://webnetprod.muc.infineon.com/PCBPortal_Prod/WorkFlows/AltiumComponent/StandardDocumentation?Versionid=388633"; VariantName = "[No Variations]"
Add component (AddParameter): Name = "ComponentStatus"; Value = "Released"; VariantName = "[No Variations]"
Add component (AddParameter): Name = "Legacy DeviceID"; Value = "MOL_47053-1000"; VariantName = "[No Variations]"
Add component (AddParameter): Name = "Legacy PartNumber"; Value = "CON01501119"; VariantName = "[No Variations]"
Add component (AddParameter): Name = "Manufacturer"; Value = "Molex"; VariantName = "[No Variations]"
Add component (AddParameter): Name = "Manufacturer Order Number"; Value = "47053-1000"; VariantName = "[No Variations]"
Add component (AddParameter): Name = "Package Description"; Value = "Header,Vertical,2.54mm pitch; 4 pins, single row, 10.2mm L X 5.84mm W X 10.5mm H body"; VariantName = "[No Variations]"
Add component (AddParameter): Name = "Package Imperial"; Value = ""; VariantName = "[No Variations]"
Add component (AddParameter): Name = "Package Metric"; Value = ""; VariantName = "[No Variations]"
Add component (AddParameter): Name = "PackageReference"; Value = ""; VariantName = "[No Variations]"
Add component (AddParameter): Name = "Part Provision"; Value = ""; VariantName = "[No Variations]"
Add component (AddParameter): Name = "Part Type"; Value = "Connector"; VariantName = "[No Variations]"
Add component (AddParameter): Name = "PCB Remarks"; Value = ""; VariantName = "[No Variations]"
Add component (AddParameter): Name = "PLMStatus"; Value = "Active"; VariantName = "[No Variations]"
Add component (AddParameter): Name = "QuickPick"; Value = "0° (vertical) / Board-to-Cable"; VariantName = "[No Variations]"
Add component (AddParameter): Name = "ROHS Compliant"; Value = "Y"; VariantName = "[No Variations]"
Add component (AddParameter): Name = "Schematic Remarks"; Value = ""; VariantName = "[No Variations]"
Add component (AddParameter): Name = "Second Source allowed"; Value = "Yes"; VariantName = "[No Variations]"
Add component (AddParameter): Name = "Style"; Value = "Strip"; VariantName = "[No Variations]"
Add component (AddParameter): Name = "Supplier 1"; Value = "Farnell"; VariantName = "[No Variations]"
Add component (AddParameter): Name = "Supplier 2"; Value = "DigiKey"; VariantName = "[No Variations]"
Add component (AddParameter): Name = "Supplier 3"; Value = "Mouser"; VariantName = "[No Variations]"
Add component (AddParameter): Name = "Supplier Part Number 1"; Value = "2313705"; VariantName = "[No Variations]"
Add component (AddParameter): Name = "Supplier Part Number 2"; Value = "WM4330-ND"; VariantName = "[No Variations]"
Add component (AddParameter): Name = "Supplier Part Number 3"; Value = "538-47053-1000"; VariantName = "[No Variations]"
Add component (AddParameter): Name = "Technology"; Value = ""; VariantName = "[No Variations]"
Add component (AddParameter): Name = "Temperature max"; Value = "75"; VariantName = "[No Variations]"
Add component (AddParameter): Name = "Temperature min"; Value = "0"; VariantName = "[No Variations]"
Add component (AddParameter): Name = "Temperature Range"; Value = "Commercial"; VariantName = "[No Variations]"
Add component (AddParameter): Name = "Tolerance Neg"; Value = ""; VariantName = "[No Variations]"
Add component (AddParameter): Name = "Tolerance Pos"; Value = ""; VariantName = "[No Variations]"
Add component (AddParameter): Name = "Type"; Value = "Board-to-Cable"; VariantName = "[No Variations]"
Add component (AddParameter): Name = "Value"; Value = "47053-1000"; VariantName = "[No Variations]"
Add component (AddParameter): Name = "Version Number"; Value = "V01"; VariantName = "[No Variations]"
Add component (AddParameter): Name = "Voltage DC (max)"; Value = "na"; VariantName = "[No Variations]"
Added Pin To Net: NetName=NetC210_1 Pin=J211-1
Added Pin To Net: NetName=NetC210_1 Pin=R211-2
Added Pin To Net: NetName=GND Pin=TP101-1
Added Pin To Net: NetName=12V Pin=X_Board_Output-1
Added Pin To Net: NetName=Input_Current Pin=X_Board_Output-2
Added Pin To Net: NetName=NetC212_1 Pin=X_Board_Output-3
Added Pin To Net: NetName=GND Pin=X_Board_Output-4
Change Net Name : Old Net Name=NetC212_1 New Net Name=Vin
Added Member To Class: ClassName=02_Top_Level Member=Component TP101 5011
Added Member To Class: ClassName=02_Top_Level Member=Component X100 973 582-101
Added Member To Class: ClassName=02_Top_Level Member=Component X101 973 582-100
Added Member To Class: ClassName=02_Top_Level Member=Component X_Board_Output 47053-1000
Added Room: Name=02_Top_Level
Added Room: Name=U_Input
